2025-03-30 00:13:16,747 - data_generator - INFO - Connected to database: solar_panel.db
2025-03-30 00:13:16,748 - data_generator - INFO - Generating 20 records in batch mode
2025-03-30 00:13:16,770 - data_generator - INFO - Inserted data with ID: 2701
2025-03-30 00:13:16,777 - data_generator - INFO - Inserted data with ID: 2702
2025-03-30 00:13:16,786 - data_generator - INFO - Inserted data with ID: 2703
2025-03-30 00:13:16,794 - data_generator - INFO - Inserted data with ID: 2704
2025-03-30 00:13:16,803 - data_generator - INFO - Inserted data with ID: 2705
2025-03-30 00:13:16,810 - data_generator - INFO - Inserted data with ID: 2706
2025-03-30 00:13:16,819 - data_generator - INFO - Inserted data with ID: 2707
2025-03-30 00:13:16,827 - data_generator - INFO - Inserted data with ID: 2708
2025-03-30 00:13:16,835 - data_generator - INFO - Inserted data with ID: 2709
2025-03-30 00:13:16,842 - data_generator - INFO - Inserted data with ID: 2710
2025-03-30 00:13:16,850 - data_generator - INFO - Inserted data with ID: 2711
2025-03-30 00:13:16,857 - data_generator - INFO - Inserted data with ID: 2712
2025-03-30 00:13:16,865 - data_generator - INFO - Inserted data with ID: 2713
2025-03-30 00:13:16,872 - data_generator - INFO - Inserted data with ID: 2714
2025-03-30 00:13:16,878 - data_generator - INFO - Inserted data with ID: 2715
2025-03-30 00:13:16,885 - data_generator - INFO - Inserted data with ID: 2716
2025-03-30 00:13:16,892 - data_generator - INFO - Inserted data with ID: 2717
2025-03-30 00:13:16,898 - data_generator - INFO - Inserted data with ID: 2718
2025-03-30 00:13:16,905 - data_generator - INFO - Inserted data with ID: 2719
2025-03-30 00:13:16,912 - data_generator - INFO - Inserted data with ID: 2720
2025-03-30 00:13:16,912 - data_generator - INFO - Generated 20 records
2025-03-30 00:13:16,912 - data_generator - INFO - Database connection closed
2025-03-30 00:13:58,144 - data_generator - INFO - Connected to database: solar_panel.db
2025-03-30 00:13:58,145 - data_generator - INFO - Starting continuous data generation with interval=3.0s
2025-03-30 00:13:58,156 - data_generator - INFO - Inserted data with ID: 2721
2025-03-30 00:14:01,192 - data_generator - INFO - Inserted data with ID: 2722
2025-03-30 00:14:04,219 - data_generator - INFO - Inserted data with ID: 2723
2025-03-30 00:14:07,247 - data_generator - INFO - Inserted data with ID: 2724
2025-03-30 00:14:10,279 - data_generator - INFO - Inserted data with ID: 2725
2025-03-30 00:14:13,306 - data_generator - INFO - Inserted data with ID: 2726
2025-03-30 00:14:16,368 - data_generator - INFO - Inserted data with ID: 2727
2025-03-30 00:14:19,407 - data_generator - INFO - Inserted data with ID: 2728
2025-03-30 00:14:22,440 - data_generator - INFO - Inserted data with ID: 2729
2025-03-30 00:14:25,468 - data_generator - INFO - Inserted data with ID: 2730
2025-03-30 00:14:25,468 - data_generator - INFO - Generated 10 records so far
2025-03-30 00:14:28,498 - data_generator - INFO - Inserted data with ID: 2731
2025-03-30 00:14:31,533 - data_generator - INFO - Inserted data with ID: 2732
2025-03-30 00:14:34,567 - data_generator - INFO - Inserted data with ID: 2733
2025-03-30 00:14:37,586 - data_generator - INFO - Inserted data with ID: 2734
2025-03-30 00:14:40,619 - data_generator - INFO - Inserted data with ID: 2735
2025-03-30 00:14:43,645 - data_generator - INFO - Inserted data with ID: 2736
2025-03-30 00:14:46,684 - data_generator - INFO - Inserted data with ID: 2737
2025-03-30 00:14:49,707 - data_generator - INFO - Inserted data with ID: 2738
2025-03-30 00:14:52,732 - data_generator - INFO - Inserted data with ID: 2739
2025-03-30 00:14:55,743 - data_generator - INFO - Inserted data with ID: 2740
2025-03-30 00:14:55,744 - data_generator - INFO - Generated 20 records so far
2025-03-30 00:14:58,762 - data_generator - INFO - Inserted data with ID: 2741
2025-03-30 00:15:01,775 - data_generator - INFO - Inserted data with ID: 2742
2025-03-30 00:15:04,787 - data_generator - INFO - Inserted data with ID: 2743
2025-03-30 00:15:07,808 - data_generator - INFO - Inserted data with ID: 2744
2025-03-30 00:15:10,823 - data_generator - INFO - Inserted data with ID: 2745
2025-03-30 00:15:13,861 - data_generator - INFO - Inserted data with ID: 2746
2025-03-30 00:15:16,896 - data_generator - INFO - Inserted data with ID: 2747
2025-03-30 00:15:19,923 - data_generator - INFO - Inserted data with ID: 2748
2025-03-30 00:15:22,952 - data_generator - INFO - Inserted data with ID: 2749
2025-03-30 00:15:25,985 - data_generator - INFO - Inserted data with ID: 2750
2025-03-30 00:15:25,986 - data_generator - INFO - Generated 30 records so far
2025-03-30 00:15:29,015 - data_generator - INFO - Inserted data with ID: 2751
2025-03-30 00:15:32,041 - data_generator - INFO - Inserted data with ID: 2752
2025-03-30 00:15:35,070 - data_generator - INFO - Inserted data with ID: 2753
2025-03-30 00:15:38,115 - data_generator - INFO - Inserted data with ID: 2754
2025-03-30 00:15:41,150 - data_generator - INFO - Inserted data with ID: 2755
2025-03-30 00:15:44,186 - data_generator - INFO - Inserted data with ID: 2756
2025-03-30 00:15:47,223 - data_generator - INFO - Inserted data with ID: 2757
2025-03-30 00:15:50,246 - data_generator - INFO - Inserted data with ID: 2758
2025-03-30 00:15:53,260 - data_generator - INFO - Inserted data with ID: 2759
2025-03-30 00:15:56,277 - data_generator - INFO - Inserted data with ID: 2760
2025-03-30 00:15:56,277 - data_generator - INFO - Generated 40 records so far
2025-03-30 00:15:59,304 - data_generator - INFO - Inserted data with ID: 2761
2025-03-30 00:16:02,336 - data_generator - INFO - Inserted data with ID: 2762
2025-03-30 00:16:05,360 - data_generator - INFO - Inserted data with ID: 2763
2025-03-30 00:16:08,390 - data_generator - INFO - Inserted data with ID: 2764
2025-03-30 00:16:11,422 - data_generator - INFO - Inserted data with ID: 2765
2025-03-30 00:16:14,448 - data_generator - INFO - Inserted data with ID: 2766
2025-03-30 00:16:17,480 - data_generator - INFO - Inserted data with ID: 2767
2025-03-30 00:16:20,520 - data_generator - INFO - Inserted data with ID: 2768
2025-03-30 00:16:23,553 - data_generator - INFO - Inserted data with ID: 2769
2025-03-30 00:16:26,570 - data_generator - INFO - Inserted data with ID: 2770
2025-03-30 00:16:26,571 - data_generator - INFO - Generated 50 records so far
2025-03-30 00:16:29,603 - data_generator - INFO - Inserted data with ID: 2771
2025-03-30 00:16:32,637 - data_generator - INFO - Inserted data with ID: 2772
2025-03-30 00:16:35,666 - data_generator - INFO - Inserted data with ID: 2773
2025-03-30 00:16:38,694 - data_generator - INFO - Inserted data with ID: 2774
2025-03-30 00:16:41,712 - data_generator - INFO - Inserted data with ID: 2775
2025-03-30 00:16:44,738 - data_generator - INFO - Inserted data with ID: 2776
2025-03-30 00:16:47,760 - data_generator - INFO - Inserted data with ID: 2777
2025-03-30 00:16:50,773 - data_generator - INFO - Inserted data with ID: 2778
2025-03-30 00:16:53,795 - data_generator - INFO - Inserted data with ID: 2779
2025-03-30 00:16:56,814 - data_generator - INFO - Inserted data with ID: 2780
2025-03-30 00:16:56,814 - data_generator - INFO - Generated 60 records so far
2025-03-30 00:16:59,832 - data_generator - INFO - Inserted data with ID: 2781
2025-03-30 00:17:02,864 - data_generator - INFO - Inserted data with ID: 2782
2025-03-30 00:17:05,885 - data_generator - INFO - Inserted data with ID: 2783
2025-03-30 00:17:08,912 - data_generator - INFO - Inserted data with ID: 2784
2025-03-30 00:17:11,933 - data_generator - INFO - Inserted data with ID: 2785
2025-03-30 00:17:14,948 - data_generator - INFO - Inserted data with ID: 2786
2025-03-30 00:17:17,977 - data_generator - INFO - Inserted data with ID: 2787
2025-03-30 00:17:21,006 - data_generator - INFO - Inserted data with ID: 2788
2025-03-30 00:18:04,980 - data_generator - INFO - Connected to database: solar_panel.db
2025-03-30 00:18:04,981 - data_generator - INFO - Starting continuous data generation with interval=3.0s
2025-03-30 00:18:05,007 - data_generator - INFO - Inserted data with ID: 2789
2025-03-30 00:18:08,034 - data_generator - INFO - Inserted data with ID: 2790
2025-03-30 00:18:11,072 - data_generator - INFO - Inserted data with ID: 2791
2025-03-30 00:18:14,105 - data_generator - INFO - Inserted data with ID: 2792
2025-03-30 00:18:17,148 - data_generator - INFO - Inserted data with ID: 2793
2025-03-30 00:18:20,193 - data_generator - INFO - Inserted data with ID: 2794
2025-03-30 00:18:23,232 - data_generator - INFO - Inserted data with ID: 2795
2025-03-30 00:18:26,251 - data_generator - INFO - Inserted data with ID: 2796
2025-03-30 00:18:29,269 - data_generator - INFO - Inserted data with ID: 2797
2025-03-30 00:18:32,297 - data_generator - INFO - Inserted data with ID: 2798
2025-03-30 00:18:32,298 - data_generator - INFO - Generated 10 records so far
2025-03-30 00:18:35,311 - data_generator - INFO - Inserted data with ID: 2799
2025-03-30 00:18:38,347 - data_generator - INFO - Inserted data with ID: 2800
2025-03-30 00:18:41,371 - data_generator - INFO - Inserted data with ID: 2801
2025-03-30 00:18:44,394 - data_generator - INFO - Inserted data with ID: 2802
2025-03-30 00:18:47,440 - data_generator - INFO - Inserted data with ID: 2803
2025-03-30 00:18:50,455 - data_generator - INFO - Inserted data with ID: 2804
2025-03-30 00:18:53,504 - data_generator - INFO - Inserted data with ID: 2805
2025-03-30 00:18:56,535 - data_generator - INFO - Inserted data with ID: 2806
2025-03-30 00:18:59,570 - data_generator - INFO - Inserted data with ID: 2807
2025-03-30 00:19:02,603 - data_generator - INFO - Inserted data with ID: 2808
2025-03-30 00:19:02,605 - data_generator - INFO - Generated 20 records so far
2025-03-30 00:19:05,620 - data_generator - INFO - Duration reached (60.0s). Stopping.
2025-03-30 00:19:05,621 - data_generator - INFO - Stopped after generating 20 records
2025-03-30 00:19:05,622 - data_generator - INFO - Database connection closed
2025-03-30 00:53:19,553 - data_generator - INFO - Connected to database: solar_panel.db
2025-03-30 00:53:19,554 - data_generator - INFO - Starting continuous data generation with interval=3.0s
2025-03-30 00:53:19,565 - data_generator - INFO - Inserted data with ID: 2809
2025-03-30 00:53:22,594 - data_generator - INFO - Inserted data with ID: 2810
2025-03-30 00:53:25,619 - data_generator - INFO - Inserted data with ID: 2811
2025-03-30 00:53:28,639 - data_generator - INFO - Inserted data with ID: 2812
2025-03-30 00:53:31,679 - data_generator - INFO - Inserted data with ID: 2813
2025-03-30 00:53:34,717 - data_generator - INFO - Inserted data with ID: 2814
2025-03-30 00:53:37,755 - data_generator - INFO - Inserted data with ID: 2815
2025-03-30 00:53:40,783 - data_generator - INFO - Inserted data with ID: 2816
2025-03-30 00:53:43,823 - data_generator - INFO - Inserted data with ID: 2817
2025-03-30 00:53:46,859 - data_generator - INFO - Inserted data with ID: 2818
2025-03-30 00:53:46,859 - data_generator - INFO - Generated 10 records so far
2025-03-30 00:53:49,899 - data_generator - INFO - Inserted data with ID: 2819
2025-03-30 00:53:52,940 - data_generator - INFO - Inserted data with ID: 2820
2025-03-30 00:53:55,998 - data_generator - INFO - Inserted data with ID: 2821
2025-03-30 00:53:59,065 - data_generator - INFO - Inserted data with ID: 2822
2025-03-30 00:54:02,115 - data_generator - INFO - Inserted data with ID: 2823
2025-03-30 00:54:05,133 - data_generator - INFO - Inserted data with ID: 2824
2025-03-30 00:54:08,151 - data_generator - INFO - Inserted data with ID: 2825
2025-03-30 00:54:11,177 - data_generator - INFO - Inserted data with ID: 2826
2025-03-30 00:54:14,211 - data_generator - INFO - Inserted data with ID: 2827
2025-03-30 00:54:17,248 - data_generator - INFO - Inserted data with ID: 2828
2025-03-30 00:54:17,250 - data_generator - INFO - Generated 20 records so far
2025-03-30 00:54:20,286 - data_generator - INFO - Inserted data with ID: 2829
2025-03-30 00:54:23,304 - data_generator - INFO - Inserted data with ID: 2830
2025-03-30 00:54:26,317 - data_generator - INFO - Inserted data with ID: 2831
2025-03-30 00:54:29,339 - data_generator - INFO - Inserted data with ID: 2832
2025-03-30 00:54:32,371 - data_generator - INFO - Inserted data with ID: 2833
2025-03-30 00:54:35,392 - data_generator - INFO - Inserted data with ID: 2834
2025-03-30 00:54:38,419 - data_generator - INFO - Inserted data with ID: 2835
2025-03-30 00:54:41,464 - data_generator - INFO - Inserted data with ID: 2836
2025-03-30 00:54:44,511 - data_generator - INFO - Inserted data with ID: 2837
2025-03-30 00:54:47,552 - data_generator - INFO - Inserted data with ID: 2838
2025-03-30 00:54:47,553 - data_generator - INFO - Generated 30 records so far
2025-03-30 00:54:50,587 - data_generator - INFO - Inserted data with ID: 2839
2025-03-30 00:54:53,630 - data_generator - INFO - Inserted data with ID: 2840
2025-03-30 00:54:56,661 - data_generator - INFO - Inserted data with ID: 2841
2025-03-30 00:54:59,698 - data_generator - INFO - Inserted data with ID: 2842
2025-03-30 00:55:02,732 - data_generator - INFO - Inserted data with ID: 2843
2025-03-30 00:55:05,770 - data_generator - INFO - Inserted data with ID: 2844
2025-03-30 00:55:08,811 - data_generator - INFO - Inserted data with ID: 2845
2025-03-30 00:55:11,853 - data_generator - INFO - Inserted data with ID: 2846
2025-03-30 00:55:14,864 - data_generator - INFO - Inserted data with ID: 2847
2025-03-30 00:55:17,896 - data_generator - INFO - Inserted data with ID: 2848
2025-03-30 00:55:17,898 - data_generator - INFO - Generated 40 records so far
2025-03-30 00:55:20,928 - data_generator - INFO - Inserted data with ID: 2849
2025-03-30 00:55:23,956 - data_generator - INFO - Inserted data with ID: 2850
2025-03-30 00:55:26,973 - data_generator - INFO - Inserted data with ID: 2851
2025-03-30 00:55:30,000 - data_generator - INFO - Inserted data with ID: 2852
2025-03-30 00:55:33,031 - data_generator - INFO - Inserted data with ID: 2853
2025-03-30 00:55:36,071 - data_generator - INFO - Inserted data with ID: 2854
2025-03-30 00:55:39,103 - data_generator - INFO - Inserted data with ID: 2855
2025-03-30 00:55:42,133 - data_generator - INFO - Inserted data with ID: 2856
2025-03-30 00:55:45,154 - data_generator - INFO - Inserted data with ID: 2857
2025-03-30 00:55:48,185 - data_generator - INFO - Inserted data with ID: 2858
2025-03-30 00:55:48,186 - data_generator - INFO - Generated 50 records so far
2025-03-30 00:55:51,214 - data_generator - INFO - Inserted data with ID: 2859
2025-03-30 00:55:54,255 - data_generator - INFO - Inserted data with ID: 2860
2025-03-30 00:55:57,293 - data_generator - INFO - Inserted data with ID: 2861
2025-03-30 00:56:00,332 - data_generator - INFO - Inserted data with ID: 2862
2025-03-30 00:56:03,367 - data_generator - INFO - Inserted data with ID: 2863
2025-03-30 00:56:06,381 - data_generator - INFO - Inserted data with ID: 2864
2025-03-30 00:56:09,412 - data_generator - INFO - Inserted data with ID: 2865
2025-03-30 00:56:12,441 - data_generator - INFO - Inserted data with ID: 2866
2025-03-30 00:56:15,468 - data_generator - INFO - Inserted data with ID: 2867
2025-03-30 00:56:18,483 - data_generator - INFO - Inserted data with ID: 2868
2025-03-30 00:56:18,483 - data_generator - INFO - Generated 60 records so far
2025-03-30 00:56:21,506 - data_generator - INFO - Inserted data with ID: 2869
2025-03-30 00:56:24,534 - data_generator - INFO - Inserted data with ID: 2870
2025-03-30 00:56:27,554 - data_generator - INFO - Inserted data with ID: 2871
2025-03-30 00:56:30,593 - data_generator - INFO - Inserted data with ID: 2872
2025-03-30 00:56:33,630 - data_generator - INFO - Inserted data with ID: 2873
2025-03-30 00:56:36,654 - data_generator - INFO - Inserted data with ID: 2874
2025-03-30 00:56:39,694 - data_generator - INFO - Inserted data with ID: 2875
2025-03-30 00:56:42,738 - data_generator - INFO - Inserted data with ID: 2876
2025-03-30 00:56:45,786 - data_generator - INFO - Inserted data with ID: 2877
2025-03-30 00:56:48,805 - data_generator - INFO - Inserted data with ID: 2878
2025-03-30 00:56:48,806 - data_generator - INFO - Generated 70 records so far
2025-03-30 00:56:51,849 - data_generator - INFO - Inserted data with ID: 2879
2025-03-30 00:56:54,894 - data_generator - INFO - Inserted data with ID: 2880
2025-03-30 00:56:57,924 - data_generator - INFO - Inserted data with ID: 2881
2025-03-30 00:57:00,944 - data_generator - INFO - Inserted data with ID: 2882
2025-03-30 00:57:03,964 - data_generator - INFO - Inserted data with ID: 2883
2025-03-30 00:57:06,997 - data_generator - INFO - Inserted data with ID: 2884
2025-03-30 00:57:10,033 - data_generator - INFO - Inserted data with ID: 2885
2025-03-30 00:57:13,054 - data_generator - INFO - Inserted data with ID: 2886
2025-03-30 00:57:16,079 - data_generator - INFO - Inserted data with ID: 2887
2025-03-30 00:57:19,100 - data_generator - INFO - Inserted data with ID: 2888
2025-03-30 00:57:19,101 - data_generator - INFO - Generated 80 records so far
2025-03-30 00:57:22,136 - data_generator - INFO - Inserted data with ID: 2889
2025-03-30 00:57:25,170 - data_generator - INFO - Inserted data with ID: 2890
2025-03-30 00:57:28,186 - data_generator - INFO - Inserted data with ID: 2891
2025-03-30 00:57:31,214 - data_generator - INFO - Inserted data with ID: 2892
2025-03-30 00:57:34,241 - data_generator - INFO - Inserted data with ID: 2893
2025-03-30 00:57:37,279 - data_generator - INFO - Inserted data with ID: 2894
2025-03-30 00:57:40,316 - data_generator - INFO - Inserted data with ID: 2895
2025-03-30 00:57:43,359 - data_generator - INFO - Inserted data with ID: 2896
2025-03-30 00:57:46,387 - data_generator - INFO - Inserted data with ID: 2897
2025-03-30 00:57:49,417 - data_generator - INFO - Inserted data with ID: 2898
2025-03-30 00:57:49,418 - data_generator - INFO - Generated 90 records so far
2025-03-30 00:57:52,446 - data_generator - INFO - Inserted data with ID: 2899
2025-03-30 00:57:55,468 - data_generator - INFO - Inserted data with ID: 2900
2025-03-30 00:57:58,480 - data_generator - INFO - Inserted data with ID: 2901
2025-03-30 00:58:01,522 - data_generator - INFO - Inserted data with ID: 2902
2025-03-30 00:58:04,535 - data_generator - INFO - Inserted data with ID: 2903
2025-03-30 00:58:07,553 - data_generator - INFO - Inserted data with ID: 2904
2025-03-30 00:58:10,572 - data_generator - INFO - Inserted data with ID: 2905
2025-03-30 00:58:13,611 - data_generator - INFO - Inserted data with ID: 2906
2025-03-30 00:58:16,653 - data_generator - INFO - Inserted data with ID: 2907
2025-03-30 00:58:19,696 - data_generator - INFO - Inserted data with ID: 2908
2025-03-30 00:58:19,697 - data_generator - INFO - Generated 100 records so far
2025-03-30 00:58:22,731 - data_generator - INFO - Inserted data with ID: 2909
2025-03-30 00:58:25,748 - data_generator - INFO - Inserted data with ID: 2910
2025-03-30 00:58:28,770 - data_generator - INFO - Inserted data with ID: 2911
